Arguments: 
  /home/thomas/.nvm/versions/node/v14.16.0/bin/node /usr/share/yarn/bin/yarn.js --emoji true develop

PATH: 
  /home/thomas/.local/bin:/home/thomas/.cargo/bin:/home/thomas/.nvm/versions/node/v14.16.0/bin:/usr/local/sbin:/usr/local/bin:/usr/sbin:/usr/bin:/sbin:/bin:/usr/games:/usr/local/games:/mnt/c/Program Files/Common Files/Oracle/Java/javapath:/mnt/c/Program Files/NVIDIA GPU Computing Toolkit/CUDA/v11.2/bin:/mnt/c/Program Files/NVIDIA GPU Computing Toolkit/CUDA/v11.2/libnvvp:/mnt/c/Windows/system32:/mnt/c/Windows:/mnt/c/Windows/System32/Wbem:/mnt/c/Windows/System32/WindowsPowerShell/v1.0/:/mnt/c/Windows/System32/OpenSSH/:/mnt/c/Program Files (x86)/NVIDIA Corporation/PhysX/Common:/mnt/c/Program Files/NVIDIA Corporation/NVIDIA NvDLISR:/mnt/c/Program Files/NVIDIA Corporation/Nsight Compute 2020.3.1/:/mnt/c/Program Files/Docker/Docker/resources/bin:/mnt/c/ProgramData/DockerDesktop/version-bin:/mnt/c/Users/Work/AppData/Local/Microsoft/WindowsApps:/mnt/c/Users/Work/AppData/Local/Programs/Microsoft VS Code/bin:/snap/bin

Yarn version: 
  1.22.5

Node version: 
  14.16.0

Platform: 
  linux x64

Trace: 
  SyntaxError: /home/thomas/Projects/thomasgranbohm/package.json: Unexpected string in JSON at position 325
      at JSON.parse (<anonymous>)
      at /usr/share/yarn/lib/cli.js:1625:59
      at Generator.next (<anonymous>)
      at step (/usr/share/yarn/lib/cli.js:310:30)
      at /usr/share/yarn/lib/cli.js:321:13

npm manifest: 
  {
    "name": "thomasgranbohm",
    "version": "1.0.0",
    "main": "index.js",
    "repository": "git@github.com:thomasgranbohm/thomasgranbohm.git",
    "author": "Thomas Granbohm <thomas.granbohm@gmail.com>",
    "license": "MIT",
    "dependencies": {
      "dotenv": "^10.0.0",
      "npm-run-all": "^4.1.5",
      "wait-on": "^5.3.0"
    }
    "scripts": {
      "develop:backend": "yarn --cwd backend develop",
      "develop:frontend": "yarn --cwd frontend develop",
      "develop": "dotenv -f .env npm-run-all -l -p develop:*"
    }
  }

yarn manifest: 
  No manifest

Lockfile: 
  No lockfile
